<?xml version="1.0" encoding="UTF-8"?>
<!-- Generated by org.testng.reporters.JUnitReportReporter -->
<testsuite skipped="0" hostname="SSonawane" name="com.qa.tests.DemoTest1" tests="4" failures="0" timestamp="2020-09-17T00:53:49 IST" time="0.005" errors="0">
  <testcase name="sum" time="0.001" classname="com.qa.tests.DemoTest1"/>
  <system-out/>
  <testcase name="sub" time="0.002" classname="com.qa.tests.DemoTest1"/>
  <system-out/>
  <testcase name="mul" time="0.001" classname="com.qa.tests.DemoTest1"/>
  <system-out/>
  <testcase name="div" time="0.001" classname="com.qa.tests.DemoTest1"/>
  <system-out/>
</testsuite> <!-- com.qa.tests.DemoTest1 -->
