<?xml version="1.0" encoding="UTF-8"?>
<!-- Generated by org.testng.reporters.JUnitReportReporter -->
<testsuite skipped="0" hostname="SSonawane" name="com.qa.tests.DemoTest" tests="4" failures="0" timestamp="13 Sep 2020 09:27:31 GMT" time="0.028" errors="0">
  <testcase name="sub" time="0.001" classname="com.qa.tests.DemoTest"/>
  <testcase name="div" time="0.025" classname="com.qa.tests.DemoTest"/>
  <testcase name="mul" time="0.001" classname="com.qa.tests.DemoTest"/>
  <testcase name="sum" time="0.001" classname="com.qa.tests.DemoTest"/>
</testsuite> <!-- com.qa.tests.DemoTest -->
