<?xml version="1.0" encoding="UTF-8"?>
<!-- Generated by org.testng.reporters.JUnitReportReporter -->
<testsuite skipped="0" hostname="SSonawane" name="com.qa.tests.DemoTest" tests="4" failures="0" timestamp="2020-09-17T01:58:44 IST" time="0.007" errors="0">
  <testcase name="sum" time="0.007" classname="com.qa.tests.DemoTest"/>
  <system-out/>
  <testcase name="sub" time="0.000" classname="com.qa.tests.DemoTest"/>
  <system-out/>
  <testcase name="mul" time="0.000" classname="com.qa.tests.DemoTest"/>
  <system-out/>
  <testcase name="div" time="0.000" classname="com.qa.tests.DemoTest"/>
  <system-out/>
</testsuite> <!-- com.qa.tests.DemoTest -->
