<?xml version="1.0" encoding="UTF-8"?>
<!-- Generated by org.testng.reporters.JUnitReportReporter -->
<testsuite skipped="0" hostname="SSonawane" name="com.qa.tests.DemoTest1" tests="4" failures="0" timestamp="16 Sep 2020 11:14:57 GMT" time="0.000" errors="0">
  <testcase name="sum" time="0.000" classname="com.qa.tests.DemoTest1"/>
  <testcase name="sub" time="0.000" classname="com.qa.tests.DemoTest1"/>
  <testcase name="mul" time="0.000" classname="com.qa.tests.DemoTest1"/>
  <testcase name="div" time="0.000" classname="com.qa.tests.DemoTest1"/>
</testsuite> <!-- com.qa.tests.DemoTest1 -->
